<?xml version="1.0" encoding="UTF-8"?>
<testsuite xmlns:xsi="http://www.w3.org/2001/XMLSchema-instance" xsi:noNamespaceSchemaLocation="https://maven.apache.org/surefire/maven-surefire-plugin/xsd/surefire-test-report-3.0.xsd" version="3.0" name="com.example.payment.controller.PaymentControllerIntegrationTest" time="3.955" tests="1" errors="0" skipped="0" failures="0">
  <properties>
[...]
</properties>
  <testcase name="postPayment_returnsCreatedAndHonorsIdempotency" classname="com.example.payment.controller.PaymentControllerIntegrationTest" time="0.454">
    <system-out><![CDATA[03:59:21.700 [main] INFO org.springframework.test.context.support.AnnotationConfigContextLoaderUtils -- Could not detect default configuration classes for test class [com.example.payment.controller.PaymentControllerIntegrationTest]: PaymentControllerIntegrationTest does not declare any static, non-private, non-final, nested classes annotated with @Configuration.
03:59:21.763 [main] INFO org.springframework.boot.test.context.SpringBootTestContextBootstrapper -- Found @SpringBootConfiguration com.example.payment.PaymentServiceApplication for test class com.example.payment.controller.PaymentControllerIntegrationTest

  .   ____          _            __ _ _
 /\\ / ___'_ __ _ _(_)_ __  __ _ \ \ \ \
( ( )\___ | '_ | '_| | '_ \/ _` | \ \ \ \
 \\/  ___)| |_)| | | | | || (_| |  ) ) ) )
  '  |____| .__|_| |_|_| |_\__, | / / / /
 =========|_|==============|___/=/_/_/_/
 :: Spring Boot ::               (v3.2.12)

2025-09-06T03:59:21.961+05:30  INFO 74602 --- [           main] c.e.p.c.PaymentControllerIntegrationTest : Starting PaymentControllerIntegrationTest using Java 17.0.14 with PID 74602 (started by suns in /Users/suns/Development/payment-service)
2025-09-06T03:59:21.962+05:30  INFO 74602 --- [           main] c.e.p.c.PaymentControllerIntegrationTest : No active profile set, falling back to 1 default profile: "default"
2025-09-06T03:59:22.496+05:30  INFO 74602 --- [           main] .s.d.r.c.RepositoryConfigurationDelegate : Bootstrapping Spring Data JPA repositories in DEFAULT mode.
2025-09-06T03:59:22.522+05:30  INFO 74602 --- [           main] .s.d.r.c.RepositoryConfigurationDelegate : Finished Spring Data repository scanning in 24 ms. Found 1 JPA repository interface.
2025-09-06T03:59:22.977+05:30  INFO 74602 --- [           main] com.zaxxer.hikari.HikariDataSource       : HikariPool-1 - Starting...
2025-09-06T03:59:23.057+05:30  INFO 74602 --- [           main] com.zaxxer.hikari.pool.HikariPool        : HikariPool-1 - Added connection conn0: url=jdbc:h2:mem:paymentdb user=SA
2025-09-06T03:59:23.058+05:30  INFO 74602 --- [           main] com.zaxxer.hikari.HikariDataSource       : HikariPool-1 - Start completed.
2025-09-06T03:59:23.098+05:30  INFO 74602 --- [           main] o.f.c.internal.license.VersionPrinter    : Flyway Community Edition 9.22.3 by Redgate
2025-09-06T03:59:23.099+05:30  INFO 74602 --- [           main] o.f.c.internal.license.VersionPrinter    : See release notes here: https://rd.gt/416ObMi
2025-09-06T03:59:23.099+05:30  INFO 74602 --- [           main] o.f.c.internal.license.VersionPrinter    : 
2025-09-06T03:59:23.117+05:30  INFO 74602 --- [           main] org.flywaydb.core.FlywayExecutor         : Database: jdbc:h2:mem:paymentdb (H2 2.2)
2025-09-06T03:59:23.127+05:30  WARN 74602 --- [           main] o.f.c.internal.database.base.Database    : Flyway upgrade recommended: H2 2.2.224 is newer than this version of Flyway and support has not been tested. The latest supported version of H2 is 2.2.220.
2025-09-06T03:59:23.137+05:30  INFO 74602 --- [           main] o.f.c.i.s.JdbcTableSchemaHistory         : Schema history table "PUBLIC"."flyway_schema_history" does not exist yet
2025-09-06T03:59:23.138+05:30  INFO 74602 --- [           main] o.f.core.internal.command.DbValidate     : Successfully validated 1 migration (execution time 00:00.006s)
2025-09-06T03:59:23.140+05:30  INFO 74602 --- [           main] o.f.c.i.s.JdbcTableSchemaHistory         : Creating Schema History table "PUBLIC"."flyway_schema_history" ...
2025-09-06T03:59:23.157+05:30  INFO 74602 --- [           main] o.f.core.internal.command.DbMigrate      : Current version of schema "PUBLIC": << Empty Schema >>
2025-09-06T03:59:23.160+05:30  INFO 74602 --- [           main] o.f.core.internal.command.DbMigrate      : Migrating schema "PUBLIC" to version "1 - add idempotency column"
2025-09-06T03:59:23.168+05:30  INFO 74602 --- [           main] o.f.core.internal.command.DbMigrate      : Successfully applied 1 migration to schema "PUBLIC", now at version v1 (execution time 00:00.004s)
2025-09-06T03:59:23.250+05:30  INFO 74602 --- [           main] o.hibernate.jpa.internal.util.LogHelper  : HHH000204: Processing PersistenceUnitInfo [name: default]
2025-09-06T03:59:23.274+05:30  INFO 74602 --- [           main] org.hibernate.Version                    : HHH000412: Hibernate ORM core version 6.4.10.Final
2025-09-06T03:59:23.288+05:30  INFO 74602 --- [           main] o.h.c.internal.RegionFactoryInitiator    : HHH000026: Second-level cache disabled
2025-09-06T03:59:23.380+05:30  INFO 74602 --- [           main] o.s.o.j.p.SpringPersistenceUnitInfo      : No LoadTimeWeaver setup: ignoring JPA class transformer
2025-09-06T03:59:23.766+05:30  INFO 74602 --- [           main] o.h.e.t.j.p.i.JtaPlatformInitiator       : HHH000489: No JTA platform available (set 'hibernate.transaction.jta.platform' to enable JTA platform integration)
Hibernate: alter table if exists transactions alter column amount set data type numeric(38,2)
Hibernate: alter table if exists transactions drop constraint if exists UKe58eyb3fj0t2cl16q1ll436b7
Hibernate: alter table if exists transactions add constraint UKe58eyb3fj0t2cl16q1ll436b7 unique (idempotency_key)
2025-09-06T03:59:23.784+05:30  INFO 74602 --- [           main] j.LocalContainerEntityManagerFactoryBean : Initialized JPA EntityManagerFactory for persistence unit 'default'
2025-09-06T03:59:24.296+05:30  WARN 74602 --- [           main] JpaBaseConfiguration$JpaWebConfiguration : spring.jpa.open-in-view is enabled by default. Therefore, database queries may be performed during view rendering. Explicitly configure spring.jpa.open-in-view to disable this warning
2025-09-06T03:59:24.986+05:30  INFO 74602 --- [           main] o.s.b.a.h2.H2ConsoleAutoConfiguration    : H2 console available at '/h2-console'. Database available at 'jdbc:h2:mem:paymentdb'
2025-09-06T03:59:25.015+05:30  INFO 74602 --- [           main] o.s.b.t.m.w.SpringBootMockServletContext : Initializing Spring TestDispatcherServlet ''
2025-09-06T03:59:25.015+05:30  INFO 74602 --- [           main] o.s.t.web.servlet.TestDispatcherServlet  : Initializing Servlet ''
2025-09-06T03:59:25.021+05:30  INFO 74602 --- [           main] o.s.b.a.e.web.EndpointLinksResolver      : Exposing 8 endpoint(s) beneath base path '/actuator'
2025-09-06T03:59:25.033+05:30  INFO 74602 --- [           main] o.s.t.web.servlet.TestDispatcherServlet  : Completed initialization in 17 ms
2025-09-06T03:59:25.070+05:30  INFO 74602 --- [           main] c.e.p.c.PaymentControllerIntegrationTest : Started PaymentControllerIntegrationTest in 3.25 seconds (process running for 3.773)
2025-09-06T03:59:25.431+05:30  INFO 74602 --- [           main] c.e.p.controller.PaymentController       : Create payment request received for sender=int-alice@example.com, idempotencyKey=int-idem-1
Hibernate: select t1_0.id,t1_0.amount,t1_0.created_at,t1_0.currency,t1_0.gateway_type,t1_0.idempotency_key,t1_0.receiver,t1_0.sender,t1_0.status from transactions t1_0 where t1_0.idempotency_key=?
Hibernate: select t1_0.id,t1_0.amount,t1_0.created_at,t1_0.currency,t1_0.gateway_type,t1_0.idempotency_key,t1_0.receiver,t1_0.sender,t1_0.status from transactions t1_0 where t1_0.idempotency_key=?
Hibernate: insert into transactions (amount,created_at,currency,gateway_type,idempotency_key,receiver,sender,status,id) values (?,?,?,?,?,?,?,?,default)
2025-09-06T03:59:25.540+05:30  INFO 74602 --- [           main] c.e.p.controller.PaymentController       : Create payment request received for sender=int-alice@example.com, idempotencyKey=int-idem-1
Hibernate: select t1_0.id,t1_0.amount,t1_0.created_at,t1_0.currency,t1_0.gateway_type,t1_0.idempotency_key,t1_0.receiver,t1_0.sender,t1_0.status from transactions t1_0 where t1_0.idempotency_key=?
]]></system-out>
  </testcase>
</testsuite>